::1 - - [18/Oct/2022:20:24:04 +0000] "POST /api/v1/products HTTP/1.1" 500 35 "-" "PostmanRuntime/7.29.2"
::1 - - [18/Oct/2022:20:24:13 +0000] "POST /api/v1/auth HTTP/1.1" 200 262 "-" "PostmanRuntime/7.29.2"
::1 - - [18/Oct/2022:20:24:25 +0000] "POST /api/v1/products HTTP/1.1" 500 35 "-" "PostmanRuntime/7.29.2"
::1 - - [18/Oct/2022:20:26:20 +0000] "POST /api/v1/products HTTP/1.1" 500 273 "-" "PostmanRuntime/7.29.2"
::1 - - [18/Oct/2022:20:26:45 +0000] "POST /api/v1/products HTTP/1.1" 200 437 "-" "PostmanRuntime/7.29.2"
::1 - - [18/Oct/2022:20:33:25 +0000] "POST /api/v1/products HTTP/1.1" 403 37 "-" "PostmanRuntime/7.29.2"
::1 - - [18/Oct/2022:20:33:30 +0000] "POST /api/v1/auth HTTP/1.1" 200 262 "-" "PostmanRuntime/7.29.2"
::1 - - [18/Oct/2022:20:37:20 +0000] "POST /api/v1/products HTTP/1.1" 200 439 "-" "PostmanRuntime/7.29.2"
::1 - - [18/Oct/2022:20:37:51 +0000] "POST /api/v1/products HTTP/1.1" 200 204 "-" "PostmanRuntime/7.29.2"
::1 - - [18/Oct/2022:20:37:59 +0000] "GET /api/v1/images/image-1666125471353-459.png HTTP/1.1" 404 180 "-" "PostmanRuntime/7.29.2"
::1 - - [18/Oct/2022:20:43:30 +0000] "POST /api/v1/products HTTP/1.1" 403 37 "-" "PostmanRuntime/7.29.2"
::1 - - [18/Oct/2022:20:43:35 +0000] "POST /api/v1/auth HTTP/1.1" 200 262 "-" "PostmanRuntime/7.29.2"
::1 - - [18/Oct/2022:20:44:01 +0000] "POST /api/v1/products HTTP/1.1" 200 204 "-" "PostmanRuntime/7.29.2"
::1 - - [18/Oct/2022:20:50:12 +0000] "GET /api/v1/products?page=2&limit=10 HTTP/1.1" 403 37 "-" "-"
::1 - - [18/Oct/2022:20:50:12 +0000] "GET /api/v1/products?page=2&limit=10 HTTP/1.1" 403 37 "-" "-"
::1 - - [18/Oct/2022:20:55:10 +0000] "GET /api/v1/products?page=2&limit=10 HTTP/1.1" 403 37 "-" "-"
::1 - - [18/Oct/2022:20:55:14 +0000] "POST /api/v1/auth HTTP/1.1" 200 262 "-" "PostmanRuntime/7.29.2"
::1 - - [18/Oct/2022:20:55:22 +0000] "GET /api/v1/products?page=2&limit=10 HTTP/1.1" 200 2037 "-" "-"
::1 - - [18/Oct/2022:20:55:36 +0000] "GET /api/v1/products HTTP/1.1" 200 4636 "-" "-"
::1 - - [18/Oct/2022:20:55:42 +0000] "GET /api/v1/images/image-1666125841668-948.png HTTP/1.1" 404 180 "-" "PostmanRuntime/7.29.2"
::1 - - [18/Oct/2022:20:57:41 +0000] "GET /api/v1/images/image-1666125841668-948.png HTTP/1.1" 404 180 "-" "PostmanRuntime/7.29.2"
::1 - - [18/Oct/2022:20:57:57 +0000] "GET /api/v1/transactions HTTP/1.1" 200 760 "-" "PostmanRuntime/7.29.2"
::1 - - [18/Oct/2022:21:03:20 +0000] "GET /api/v1/products HTTP/1.1" 403 37 "-" "-"
::1 - - [18/Oct/2022:21:03:26 +0000] "POST /api/v1/auth HTTP/1.1" 200 262 "-" "PostmanRuntime/7.29.2"
::1 - - [18/Oct/2022:21:03:45 +0000] "GET /api/v1/products HTTP/1.1" 200 3766 "-" "-"
::1 - - [18/Oct/2022:21:05:57 +0000] "GET /images/image-1666125471353-459.png HTTP/1.1" 404 173 "-" "PostmanRuntime/7.29.2"
::1 - - [18/Oct/2022:21:06:55 +0000] "GET /images/image-1666125471353-459.png HTTP/1.1" 404 173 "-" "PostmanRuntime/7.29.2"
::1 - - [18/Oct/2022:21:11:35 +0000] "GET /api/v1/products?page=2&limit=5 HTTP/1.1" 403 37 "-" "-"
::1 - - [18/Oct/2022:21:13:46 +0000] "POST /api/v1/users HTTP/1.1" 201 73 "-" "PostmanRuntime/7.29.2"
::1 - - [18/Oct/2022:21:14:51 +0000] "POST /api/v1/auth HTTP/1.1" 200 287 "-" "PostmanRuntime/7.29.2"
::1 - - [18/Oct/2022:21:16:11 +0000] "GET /api/v1/products?page=2&limit=5 HTTP/1.1" 200 889 "-" "-"
::1 - - [18/Oct/2022:21:16:18 +0000] "GET /api/v1/products HTTP/1.1" 200 3565 "-" "-"
::1 - - [18/Oct/2022:21:20:43 +0000] "POST /api/v1/products HTTP/1.1" 403 35 "-" "PostmanRuntime/7.29.2"
::1 - - [18/Oct/2022:21:24:49 +0000] "POST /api/v1/products HTTP/1.1" 403 37 "-" "PostmanRuntime/7.29.2"
::1 - - [18/Oct/2022:21:24:56 +0000] "POST /api/v1/auth HTTP/1.1" 200 270 "-" "PostmanRuntime/7.29.2"
::1 - - [18/Oct/2022:21:26:38 +0000] "POST /api/v1/products HTTP/1.1" 200 204 "-" "PostmanRuntime/7.29.2"
::1 - - [18/Oct/2022:21:54:04 +0000] "GET /api/v1/products HTTP/1.1" 403 37 "-" "-"
::1 - - [18/Oct/2022:21:54:10 +0000] "POST /api/v1/auth HTTP/1.1" 200 270 "-" "PostmanRuntime/7.29.2"
::1 - - [18/Oct/2022:21:54:27 +0000] "GET /api/v1/products HTTP/1.1" 200 3766 "-" "-"
::1 - - [18/Oct/2022:21:56:58 +0000] "GET /api/v1/products HTTP/1.1" 200 3766 "-" "-"
::1 - - [18/Oct/2022:21:58:53 +0000] "PATCH /api/v1/products/44 HTTP/1.1" 500 35 "-" "PostmanRuntime/7.29.2"
::1 - - [18/Oct/2022:22:04:05 +0000] "PATCH /api/v1/products/44 HTTP/1.1" 403 37 "-" "PostmanRuntime/7.29.2"
::1 - - [18/Oct/2022:22:04:15 +0000] "POST /api/v1/auth HTTP/1.1" 200 270 "-" "PostmanRuntime/7.29.2"
::1 - - [18/Oct/2022:22:04:36 +0000] "PATCH /api/v1/products/44 HTTP/1.1" 500 35 "-" "PostmanRuntime/7.29.2"
::1 - - [18/Oct/2022:22:08:45 +0000] "PATCH /api/v1/products/44 HTTP/1.1" 500 35 "-" "PostmanRuntime/7.29.2"
::1 - - [18/Oct/2022:22:08:46 +0000] "PATCH /api/v1/products/44 HTTP/1.1" 500 35 "-" "PostmanRuntime/7.29.2"
::1 - - [18/Oct/2022:22:09:56 +0000] "PATCH /api/v1/products/44 HTTP/1.1" 500 35 "-" "PostmanRuntime/7.29.2"
::1 - - [18/Oct/2022:22:12:41 +0000] "PATCH /api/v1/products/44 HTTP/1.1" 403 37 "-" "PostmanRuntime/7.29.2"
::1 - - [18/Oct/2022:22:12:46 +0000] "POST /api/v1/auth HTTP/1.1" 200 270 "-" "PostmanRuntime/7.29.2"
::1 - - [18/Oct/2022:22:12:56 +0000] "GET /api/v1/products HTTP/1.1" 200 3766 "-" "-"
::1 - - [18/Oct/2022:22:13:02 +0000] "PATCH /api/v1/products/44 HTTP/1.1" 500 35 "-" "PostmanRuntime/7.29.2"
::1 - - [18/Oct/2022:22:13:12 +0000] "PATCH /api/v1/products/44 HTTP/1.1" 500 35 "-" "PostmanRuntime/7.29.2"
::1 - - [18/Oct/2022:22:14:03 +0000] "PATCH /api/v1/products/44 HTTP/1.1" 500 35 "-" "PostmanRuntime/7.29.2"
::1 - - [18/Oct/2022:22:15:27 +0000] "PATCH /api/v1/products/44 HTTP/1.1" 500 35 "-" "PostmanRuntime/7.29.2"
::1 - - [18/Oct/2022:22:16:08 +0000] "PATCH /api/v1/products/44 HTTP/1.1" 500 35 "-" "PostmanRuntime/7.29.2"
::1 - - [18/Oct/2022:22:17:25 +0000] "PATCH /api/v1/products/44 HTTP/1.1" 500 35 "-" "PostmanRuntime/7.29.2"
::1 - - [18/Oct/2022:22:18:16 +0000] "PATCH /api/v1/products/44 HTTP/1.1" 500 35 "-" "PostmanRuntime/7.29.2"
::1 - - [18/Oct/2022:22:19:33 +0000] "PATCH /api/v1/products/44 HTTP/1.1" 403 37 "-" "PostmanRuntime/7.29.2"
::1 - - [18/Oct/2022:22:19:40 +0000] "POST /api/v1/auth HTTP/1.1" 200 270 "-" "PostmanRuntime/7.29.2"
::1 - - [18/Oct/2022:22:19:54 +0000] "PATCH /api/v1/products/44 HTTP/1.1" 500 35 "-" "PostmanRuntime/7.29.2"
::1 - - [18/Oct/2022:22:20:38 +0000] "PATCH /api/v1/products/44 HTTP/1.1" 500 35 "-" "PostmanRuntime/7.29.2"
::1 - - [18/Oct/2022:22:21:34 +0000] "PATCH /api/v1/products/44 HTTP/1.1" 500 35 "-" "PostmanRuntime/7.29.2"
::1 - - [18/Oct/2022:22:21:35 +0000] "PATCH /api/v1/products/44 HTTP/1.1" 500 35 "-" "PostmanRuntime/7.29.2"
::1 - - [18/Oct/2022:22:22:15 +0000] "PATCH /api/v1/products/44 HTTP/1.1" 500 35 "-" "PostmanRuntime/7.29.2"
::1 - - [18/Oct/2022:22:25:08 +0000] "PATCH /api/v1/products/44 HTTP/1.1" 500 35 "-" "PostmanRuntime/7.29.2"
::1 - - [18/Oct/2022:22:25:09 +0000] "PATCH /api/v1/products/44 HTTP/1.1" 500 35 "-" "PostmanRuntime/7.29.2"
::1 - - [18/Oct/2022:22:26:10 +0000] "PATCH /api/v1/products/44 HTTP/1.1" 403 37 "-" "PostmanRuntime/7.29.2"
::1 - - [18/Oct/2022:22:26:16 +0000] "POST /api/v1/auth HTTP/1.1" 200 270 "-" "PostmanRuntime/7.29.2"
::1 - - [18/Oct/2022:22:26:29 +0000] "PATCH /api/v1/products/44 HTTP/1.1" 500 35 "-" "PostmanRuntime/7.29.2"
::1 - - [18/Oct/2022:22:28:02 +0000] "PATCH /api/v1/products/44 HTTP/1.1" 500 35 "-" "PostmanRuntime/7.29.2"
::1 - - [18/Oct/2022:22:28:54 +0000] "PATCH /api/v1/products/44 HTTP/1.1" 500 35 "-" "PostmanRuntime/7.29.2"
::1 - - [18/Oct/2022:22:31:07 +0000] "PATCH /api/v1/products/44 HTTP/1.1" 500 35 "-" "PostmanRuntime/7.29.2"
::1 - - [18/Oct/2022:22:31:46 +0000] "PATCH /api/v1/products/44 HTTP/1.1" 500 35 "-" "PostmanRuntime/7.29.2"
::1 - - [18/Oct/2022:22:34:40 +0000] "PATCH /api/v1/1 HTTP/1.1" 404 149 "-" "PostmanRuntime/7.29.2"
::1 - - [18/Oct/2022:22:34:59 +0000] "PATCH /api/v1/promos/:id HTTP/1.1" 401 49 "-" "PostmanRuntime/7.29.2"
::1 - - [18/Oct/2022:22:35:05 +0000] "POST /api/v1/auth HTTP/1.1" 200 270 "-" "PostmanRuntime/7.29.2"
::1 - - [18/Oct/2022:22:35:16 +0000] "PATCH /api/v1/promos/:id HTTP/1.1" 401 49 "-" "PostmanRuntime/7.29.2"
::1 - - [18/Oct/2022:22:36:47 +0000] "PATCH /api/v1/promos/1 HTTP/1.1" 200 1025 "-" "PostmanRuntime/7.29.2"
::1 - - [18/Oct/2022:22:39:38 +0000] "PATCH /api/v1/promos/1 HTTP/1.1" 200 1025 "-" "PostmanRuntime/7.29.2"
::1 - - [18/Oct/2022:22:41:16 +0000] "PATCH /api/v1/promos/1 HTTP/1.1" 403 37 "-" "PostmanRuntime/7.29.2"
::1 - - [18/Oct/2022:22:41:22 +0000] "POST /api/v1/auth HTTP/1.1" 200 270 "-" "PostmanRuntime/7.29.2"
::1 - - [18/Oct/2022:22:41:40 +0000] "PATCH /api/v1/promos/1 HTTP/1.1" 200 1025 "-" "PostmanRuntime/7.29.2"
::1 - - [18/Oct/2022:22:45:23 +0000] "PATCH /api/v1/promos/1 HTTP/1.1" 500 35 "-" "PostmanRuntime/7.29.2"
::1 - - [18/Oct/2022:22:46:00 +0000] "PATCH /api/v1/promos/1 HTTP/1.1" 500 35 "-" "PostmanRuntime/7.29.2"
::1 - - [18/Oct/2022:22:46:17 +0000] "PATCH /api/v1/promos/1 HTTP/1.1" 200 37 "-" "PostmanRuntime/7.29.2"
::1 - - [18/Oct/2022:22:51:37 +0000] "PATCH /api/v1/promos/1 HTTP/1.1" 403 37 "-" "PostmanRuntime/7.29.2"
::1 - - [18/Oct/2022:22:51:43 +0000] "POST /api/v1/auth HTTP/1.1" 200 270 "-" "PostmanRuntime/7.29.2"
::1 - - [18/Oct/2022:23:01:15 +0000] "PATCH /api/v1/promos/1 HTTP/1.1" 403 37 "-" "PostmanRuntime/7.29.2"
::1 - - [18/Oct/2022:23:01:38 +0000] "PATCH /api/v1/promos/1 HTTP/1.1" 403 37 "-" "PostmanRuntime/7.29.2"
::1 - - [18/Oct/2022:23:01:43 +0000] "POST /api/v1/auth HTTP/1.1" 200 270 "-" "PostmanRuntime/7.29.2"
::1 - - [18/Oct/2022:23:02:15 +0000] "PATCH /api/v1/promos/1 HTTP/1.1" 200 49 "-" "PostmanRuntime/7.29.2"
::1 - - [18/Oct/2022:23:07:09 +0000] "PATCH /api/v1/promos/1 HTTP/1.1" 200 37 "-" "PostmanRuntime/7.29.2"
::1 - - [18/Oct/2022:23:08:09 +0000] "PATCH /api/v1/promos/1 HTTP/1.1" 403 37 "-" "PostmanRuntime/7.29.2"
::1 - - [18/Oct/2022:23:08:14 +0000] "POST /api/v1/auth HTTP/1.1" 200 270 "-" "PostmanRuntime/7.29.2"
::1 - - [18/Oct/2022:23:08:35 +0000] "PATCH /api/v1/promos/1 HTTP/1.1" 200 37 "-" "PostmanRuntime/7.29.2"
::1 - - [18/Oct/2022:23:11:28 +0000] "PATCH /api/v1/promos/1 HTTP/1.1" 500 35 "-" "PostmanRuntime/7.29.2"
::1 - - [18/Oct/2022:23:11:46 +0000] "PATCH /api/v1/promos/1 HTTP/1.1" 200 37 "-" "PostmanRuntime/7.29.2"
::1 - - [18/Oct/2022:23:12:11 +0000] "PATCH /api/v1/promos/1 HTTP/1.1" 500 35 "-" "PostmanRuntime/7.29.2"
::1 - - [18/Oct/2022:23:15:50 +0000] "PATCH /api/v1/products/44 HTTP/1.1" 403 37 "-" "PostmanRuntime/7.29.2"
::1 - - [18/Oct/2022:23:15:55 +0000] "POST /api/v1/auth HTTP/1.1" 200 270 "-" "PostmanRuntime/7.29.2"
::1 - - [18/Oct/2022:23:16:05 +0000] "PATCH /api/v1/products/44 HTTP/1.1" 500 35 "-" "PostmanRuntime/7.29.2"
::1 - - [18/Oct/2022:23:16:45 +0000] "PATCH /api/v1/products/2 HTTP/1.1" 500 35 "-" "PostmanRuntime/7.29.2"
::1 - - [18/Oct/2022:23:18:11 +0000] "PATCH /api/v1/products/2 HTTP/1.1" 500 35 "-" "PostmanRuntime/7.29.2"
::1 - - [18/Oct/2022:23:18:38 +0000] "PATCH /api/v1/products/2 HTTP/1.1" 500 35 "-" "PostmanRuntime/7.29.2"
::1 - - [18/Oct/2022:23:19:02 +0000] "PATCH /api/v1/products/2 HTTP/1.1" 500 35 "-" "PostmanRuntime/7.29.2"
::1 - - [18/Oct/2022:23:19:14 +0000] "PATCH /api/v1/products/2 HTTP/1.1" 500 35 "-" "PostmanRuntime/7.29.2"
::1 - - [18/Oct/2022:23:20:55 +0000] "PATCH /api/v1/products/2 HTTP/1.1" 500 35 "-" "PostmanRuntime/7.29.2"
::1 - - [18/Oct/2022:23:20:56 +0000] "PATCH /api/v1/products/2 HTTP/1.1" 500 35 "-" "PostmanRuntime/7.29.2"
::1 - - [18/Oct/2022:23:20:57 +0000] "PATCH /api/v1/products/2 HTTP/1.1" 500 35 "-" "PostmanRuntime/7.29.2"
::1 - - [18/Oct/2022:23:22:57 +0000] "POST /api/v1/auth HTTP/1.1" 200 270 "-" "PostmanRuntime/7.29.2"
::1 - - [18/Oct/2022:23:23:08 +0000] "PATCH /api/v1/2 HTTP/1.1" 404 149 "-" "PostmanRuntime/7.29.2"
::1 - - [18/Oct/2022:23:23:22 +0000] "PATCH /api/v1/products/2 HTTP/1.1" 200 11 "-" "PostmanRuntime/7.29.2"
::1 - - [18/Oct/2022:23:25:33 +0000] "PATCH /api/v1/products/2 HTTP/1.1" 500 35 "-" "PostmanRuntime/7.29.2"
::1 - - [18/Oct/2022:23:27:05 +0000] "PATCH /api/v1/products/2 HTTP/1.1" 500 35 "-" "PostmanRuntime/7.29.2"
::1 - - [18/Oct/2022:23:27:36 +0000] "PATCH /api/v1/products/2 HTTP/1.1" 500 35 "-" "PostmanRuntime/7.29.2"
::1 - - [18/Oct/2022:23:28:21 +0000] "PATCH /api/v1/products/2 HTTP/1.1" 500 35 "-" "PostmanRuntime/7.29.2"
::1 - - [18/Oct/2022:23:28:48 +0000] "PATCH /api/v1/products/44 HTTP/1.1" 500 35 "-" "PostmanRuntime/7.29.2"
::1 - - [18/Oct/2022:23:33:38 +0000] "PATCH /api/v1/products/44 HTTP/1.1" 403 37 "-" "PostmanRuntime/7.29.2"
::1 - - [18/Oct/2022:23:33:51 +0000] "POST /api/v1/products HTTP/1.1" 403 37 "-" "PostmanRuntime/7.29.2"
::1 - - [18/Oct/2022:23:33:56 +0000] "POST /api/v1/auth HTTP/1.1" 200 270 "-" "PostmanRuntime/7.29.2"
::1 - - [18/Oct/2022:23:34:06 +0000] "POST /api/v1/products HTTP/1.1" 200 204 "-" "PostmanRuntime/7.29.2"
::1 - - [18/Oct/2022:23:34:35 +0000] "PATCH /api/v1/products/44 HTTP/1.1" 500 35 "-" "PostmanRuntime/7.29.2"
::1 - - [18/Oct/2022:23:42:27 +0000] "PATCH /api/v1/products/44 HTTP/1.1" 403 37 "-" "PostmanRuntime/7.29.2"
::1 - - [18/Oct/2022:23:42:32 +0000] "POST /api/v1/auth HTTP/1.1" 200 270 "-" "PostmanRuntime/7.29.2"
::1 - - [18/Oct/2022:23:42:49 +0000] "PATCH /api/v1/products/44 HTTP/1.1" 500 35 "-" "PostmanRuntime/7.29.2"
::1 - - [18/Oct/2022:23:46:39 +0000] "PATCH /api/v1/products/44 HTTP/1.1" 500 35 "-" "PostmanRuntime/7.29.2"
::1 - - [18/Oct/2022:23:46:40 +0000] "PATCH /api/v1/products/44 HTTP/1.1" 500 35 "-" "PostmanRuntime/7.29.2"
::1 - - [18/Oct/2022:23:47:28 +0000] "PATCH /api/v1/products/44 HTTP/1.1" 500 35 "-" "PostmanRuntime/7.29.2"
::1 - - [18/Oct/2022:23:47:29 +0000] "PATCH /api/v1/products/44 HTTP/1.1" 500 35 "-" "PostmanRuntime/7.29.2"
::1 - - [18/Oct/2022:23:49:29 +0000] "PATCH /api/v1/products/44 HTTP/1.1" 403 37 "-" "PostmanRuntime/7.29.2"
::1 - - [18/Oct/2022:23:49:41 +0000] "PATCH /api/v1/products/44 HTTP/1.1" 403 37 "-" "PostmanRuntime/7.29.2"
::1 - - [18/Oct/2022:23:49:47 +0000] "POST /api/v1/auth HTTP/1.1" 200 270 "-" "PostmanRuntime/7.29.2"
::1 - - [18/Oct/2022:23:49:58 +0000] "PATCH /api/v1/products/44 HTTP/1.1" 500 35 "-" "PostmanRuntime/7.29.2"
::1 - - [18/Oct/2022:23:50:40 +0000] "PATCH /api/v1/products/44 HTTP/1.1" 200 40 "-" "PostmanRuntime/7.29.2"
::1 - - [18/Oct/2022:23:53:48 +0000] "PATCH /api/v1/products/44 HTTP/1.1" 500 35 "-" "PostmanRuntime/7.29.2"
::1 - - [18/Oct/2022:23:57:01 +0000] "PATCH /api/v1/products/44 HTTP/1.1" 403 37 "-" "PostmanRuntime/7.29.2"
::1 - - [18/Oct/2022:23:57:06 +0000] "POST /api/v1/auth HTTP/1.1" 200 270 "-" "PostmanRuntime/7.29.2"
::1 - - [18/Oct/2022:23:57:25 +0000] "PATCH /api/v1/products/44 HTTP/1.1" 500 35 "-" "PostmanRuntime/7.29.2"
::1 - - [19/Oct/2022:00:00:04 +0000] "PATCH /api/v1/products/44 HTTP/1.1" 200 40 "-" "PostmanRuntime/7.29.2"
::1 - - [19/Oct/2022:00:02:49 +0000] "PATCH /api/v1/products/44 HTTP/1.1" 200 86 "-" "PostmanRuntime/7.29.2"
::1 - - [19/Oct/2022:00:03:54 +0000] "PATCH /api/v1/products/44 HTTP/1.1" 403 37 "-" "PostmanRuntime/7.29.2"
::1 - - [19/Oct/2022:00:03:59 +0000] "POST /api/v1/auth HTTP/1.1" 200 270 "-" "PostmanRuntime/7.29.2"
::1 - - [19/Oct/2022:00:04:12 +0000] "PATCH /api/v1/products/44 HTTP/1.1" 200 93 "-" "PostmanRuntime/7.29.2"
::1 - - [19/Oct/2022:00:05:02 +0000] "PATCH /api/v1/products/44 HTTP/1.1" 500 35 "-" "PostmanRuntime/7.29.2"
::1 - - [19/Oct/2022:00:05:46 +0000] "PATCH /api/v1/products/44 HTTP/1.1" 500 35 "-" "PostmanRuntime/7.29.2"
::1 - - [19/Oct/2022:00:06:50 +0000] "PATCH /api/v1/products/44 HTTP/1.1" 200 250 "-" "PostmanRuntime/7.29.2"
::1 - - [19/Oct/2022:00:08:55 +0000] "PATCH /api/v1/products/44 HTTP/1.1" 200 253 "-" "PostmanRuntime/7.29.2"
::1 - - [19/Oct/2022:00:10:35 +0000] "DELETE /api/v1/products/2 HTTP/1.1" 401 49 "-" "PostmanRuntime/7.29.2"
::1 - - [19/Oct/2022:00:10:41 +0000] "POST /api/v1/auth HTTP/1.1" 200 270 "-" "PostmanRuntime/7.29.2"
::1 - - [19/Oct/2022:00:10:52 +0000] "DELETE /api/v1/products/2 HTTP/1.1" 401 49 "-" "PostmanRuntime/7.29.2"
::1 - - [19/Oct/2022:00:13:13 +0000] "DELETE /api/v1/products/2 HTTP/1.1" 500 35 "-" "PostmanRuntime/7.29.2"
::1 - - [19/Oct/2022:00:18:24 +0000] "DELETE /api/v1/products/2 HTTP/1.1" 403 37 "-" "PostmanRuntime/7.29.2"
::1 - - [19/Oct/2022:00:18:30 +0000] "POST /api/v1/auth HTTP/1.1" 200 270 "-" "PostmanRuntime/7.29.2"
::1 - - [19/Oct/2022:00:18:55 +0000] "DELETE /api/v1/products/2 HTTP/1.1" 500 35 "-" "PostmanRuntime/7.29.2"
::1 - - [19/Oct/2022:00:19:41 +0000] "DELETE /api/v1/products/2 HTTP/1.1" 200 57 "-" "PostmanRuntime/7.29.2"
::1 - - [19/Oct/2022:00:20:26 +0000] "GET /api/v1/products HTTP/1.1" 200 3801 "-" "-"
::1 - - [19/Oct/2022:00:23:59 +0000] "GET /api/v1/users HTTP/1.1" 200 2908 "-" "PostmanRuntime/7.29.2"
::1 - - [19/Oct/2022:00:24:14 +0000] "GET /api/v1/users/1 HTTP/1.1" 200 248 "-" "PostmanRuntime/7.29.2"
::1 - - [19/Oct/2022:00:26:09 +0000] "GET /api/v1/products HTTP/1.1" 403 37 "-" "-"
::1 - - [19/Oct/2022:00:26:18 +0000] "POST /api/v1/auth HTTP/1.1" 200 270 "-" "PostmanRuntime/7.29.2"
::1 - - [19/Oct/2022:00:26:30 +0000] "GET /api/v1/products HTTP/1.1" 200 3801 "-" "-"
::1 - - [19/Oct/2022:00:26:41 +0000] "GET /api/v1/products?page=2 HTTP/1.1" - - "-" "-"
::1 - - [19/Oct/2022:00:27:52 +0000] "GET /api/v1/products?page=2 HTTP/1.1" 500 35 "-" "-"
::1 - - [19/Oct/2022:00:27:58 +0000] "GET /api/v1/products?limit=5 HTTP/1.1" 500 35 "-" "-"
::1 - - [19/Oct/2022:00:28:01 +0000] "GET /api/v1/products?page=2&limit=5 HTTP/1.1" 200 886 "-" "-"
::1 - - [19/Oct/2022:00:28:23 +0000] "GET /api/v1/products?page=1 HTTP/1.1" 500 35 "-" "-"
::1 - - [19/Oct/2022:00:28:46 +0000] "GET /api/v1/products?page=1 HTTP/1.1" 500 35 "-" "-"
::1 - - [19/Oct/2022:00:28:49 +0000] "GET /api/v1/products?page=1&limit=5 HTTP/1.1" 200 906 "-" "-"
::1 - - [19/Oct/2022:00:29:02 +0000] "GET /api/v1/products?page=1&limit=10 HTTP/1.1" 200 1782 "-" "-"
::1 - - [19/Oct/2022:00:29:09 +0000] "GET /api/v1/products?page=2&limit=10 HTTP/1.1" 200 1828 "-" "-"
::1 - - [19/Oct/2022:00:30:17 +0000] "GET /api/v1/products HTTP/1.1" 500 35 "-" "-"
::1 - - [19/Oct/2022:00:30:59 +0000] "GET /api/v1/products HTTP/1.1" 200 3801 "-" "-"
::1 - - [19/Oct/2022:00:31:04 +0000] "GET /api/v1/products?page=2 HTTP/1.1" 200 3801 "-" "-"
::1 - - [19/Oct/2022:00:31:12 +0000] "GET /api/v1/products?limit=10 HTTP/1.1" 200 3801 "-" "-"
::1 - - [19/Oct/2022:00:31:26 +0000] "GET /api/v1/products?page=3 HTTP/1.1" 200 3801 "-" "-"
::1 - - [19/Oct/2022:00:31:35 +0000] "GET /api/v1/products?page=4 HTTP/1.1" 200 3801 "-" "-"
::1 - - [19/Oct/2022:00:31:39 +0000] "GET /api/v1/products?page=4&limit=10 HTTP/1.1" 200 11 "-" "-"
::1 - - [19/Oct/2022:00:31:45 +0000] "GET /api/v1/products?page=2&limit=10 HTTP/1.1" 200 1828 "-" "-"
::1 - - [19/Oct/2022:00:33:08 +0000] "GET /api/v1/products?page=2 HTTP/1.1" 403 37 "-" "-"
::1 - - [19/Oct/2022:00:33:14 +0000] "POST /api/v1/auth HTTP/1.1" 200 270 "-" "PostmanRuntime/7.29.2"
::1 - - [19/Oct/2022:00:33:24 +0000] "GET /api/v1/products?page=2 HTTP/1.1" 500 35 "-" "-"
::1 - - [19/Oct/2022:00:35:08 +0000] "GET /api/v1/products?page=2 HTTP/1.1" 200 3801 "-" "-"
::1 - - [19/Oct/2022:00:35:15 +0000] "GET /api/v1/products?page=3 HTTP/1.1" 200 3801 "-" "-"
::1 - - [19/Oct/2022:00:35:28 +0000] "GET /api/v1/products?limit=4 HTTP/1.1" 200 3801 "-" "-"
::1 - - [19/Oct/2022:00:35:50 +0000] "GET /api/v1/products?limit=1 HTTP/1.1" 200 3801 "-" "-"
::1 - - [19/Oct/2022:00:35:56 +0000] "GET /api/v1/products?page=3&limit=1 HTTP/1.1" 200 188 "-" "-"
::1 - - [19/Oct/2022:00:36:09 +0000] "GET /api/v1/products?page=3&limit=5 HTTP/1.1" 200 899 "-" "-"
::1 - - [19/Oct/2022:00:36:17 +0000] "GET /api/v1/products?page=1&limit=5 HTTP/1.1" 200 906 "-" "-"
::1 - - [19/Oct/2022:00:36:30 +0000] "GET /api/v1/products?page=1&limit=10 HTTP/1.1" 200 1782 "-" "-"
::1 - - [19/Oct/2022:00:36:40 +0000] "GET /api/v1/products HTTP/1.1" 200 3801 "-" "-"
::1 - - [19/Oct/2022:00:38:25 +0000] "GET /api/v1/users/ HTTP/1.1" 500 35 "-" "PostmanRuntime/7.29.2"
::1 - - [19/Oct/2022:00:40:42 +0000] "GET /api/v1/users/ HTTP/1.1" 200 2908 "-" "PostmanRuntime/7.29.2"
::1 - - [19/Oct/2022:00:40:59 +0000] "GET /api/v1/users/?page&limit HTTP/1.1" 200 2908 "-" "PostmanRuntime/7.29.2"
::1 - - [19/Oct/2022:00:41:07 +0000] "GET /api/v1/users/?page=3&limit=5 HTTP/1.1" 500 35 "-" "PostmanRuntime/7.29.2"
::1 - - [19/Oct/2022:00:41:59 +0000] "GET /api/v1/users/?page=3&limit=5 HTTP/1.1" 200 810 "-" "PostmanRuntime/7.29.2"
::1 - - [19/Oct/2022:00:42:05 +0000] "GET /api/v1/users/ HTTP/1.1" 200 2908 "-" "PostmanRuntime/7.29.2"
::1 - - [19/Oct/2022:00:43:44 +0000] "GET /api/v1/users/ HTTP/1.1" 200 2908 "-" "PostmanRuntime/7.29.2"
::1 - - [19/Oct/2022:00:43:53 +0000] "GET /api/v1/users/?page=3&limit=5 HTTP/1.1" 200 810 "-" "PostmanRuntime/7.29.2"
::1 - - [19/Oct/2022:00:45:56 +0000] "GET /api/v1/transactions HTTP/1.1" 200 761 "-" "PostmanRuntime/7.29.2"
::1 - - [19/Oct/2022:00:48:07 +0000] "GET /api/v1/transactions?page=3&limit HTTP/1.1" 500 35 "-" "PostmanRuntime/7.29.2"
::1 - - [19/Oct/2022:00:48:35 +0000] "GET /api/v1/transactions?page=3&limit HTTP/1.1" 500 35 "-" "PostmanRuntime/7.29.2"
::1 - - [19/Oct/2022:00:48:45 +0000] "GET /api/v1/transactions?page=3&limit HTTP/1.1" 500 35 "-" "PostmanRuntime/7.29.2"
::1 - - [19/Oct/2022:00:49:16 +0000] "GET /api/v1/transactions?page=3&limit HTTP/1.1" 200 761 "-" "PostmanRuntime/7.29.2"
::1 - - [19/Oct/2022:00:49:24 +0000] "GET /api/v1/transactions HTTP/1.1" 200 761 "-" "PostmanRuntime/7.29.2"
::1 - - [19/Oct/2022:00:49:33 +0000] "GET /api/v1/transactions HTTP/1.1" 200 761 "-" "PostmanRuntime/7.29.2"
::1 - - [19/Oct/2022:00:49:58 +0000] "GET /api/v1/transactions HTTP/1.1" 200 761 "-" "PostmanRuntime/7.29.2"
::1 - - [19/Oct/2022:00:50:52 +0000] "GET /api/v1/transactions HTTP/1.1" 200 761 "-" "PostmanRuntime/7.29.2"
::1 - - [19/Oct/2022:00:51:09 +0000] "GET /api/v1/transactions?page=2&limit=1 HTTP/1.1" 200 261 "-" "PostmanRuntime/7.29.2"
::1 - - [19/Oct/2022:00:51:38 +0000] "GET /api/v1/transactions/history/1 HTTP/1.1" 200 105 "-" "PostmanRuntime/7.29.2"
::1 - - [19/Oct/2022:00:53:15 +0000] "GET /api/v1/transactions/history/1 HTTP/1.1" 200 297 "-" "PostmanRuntime/7.29.2"
::1 - - [19/Oct/2022:00:58:45 +0000] "PATCH /api/v1/profiles/8 HTTP/1.1" 404 158 "-" "PostmanRuntime/7.29.2"
::1 - - [19/Oct/2022:01:00:43 +0000] "PATCH /api/v1/profiles/8 HTTP/1.1" 404 158 "-" "PostmanRuntime/7.29.2"
::1 - - [19/Oct/2022:01:01:17 +0000] "PATCH /api/v1/profiles/8 HTTP/1.1" 404 158 "-" "PostmanRuntime/7.29.2"
::1 - - [19/Oct/2022:01:02:13 +0000] "PATCH /api/v1users/profile/8 HTTP/1.1" 404 162 "-" "PostmanRuntime/7.29.2"
::1 - - [19/Oct/2022:01:03:21 +0000] "PATCH /api/v1users/profile/8 HTTP/1.1" 404 162 "-" "PostmanRuntime/7.29.2"
::1 - - [19/Oct/2022:01:03:22 +0000] "PATCH /api/v1users/profile/8 HTTP/1.1" 404 162 "-" "PostmanRuntime/7.29.2"
::1 - - [19/Oct/2022:01:03:24 +0000] "PATCH /api/v1users/profile/8 HTTP/1.1" 404 162 "-" "PostmanRuntime/7.29.2"
::1 - - [19/Oct/2022:01:03:25 +0000] "PATCH /api/v1users/profile/8 HTTP/1.1" 404 162 "-" "PostmanRuntime/7.29.2"
::1 - - [19/Oct/2022:01:03:35 +0000] "PATCH /api/v1/users/profile/8 HTTP/1.1" 404 163 "-" "PostmanRuntime/7.29.2"
::1 - - [19/Oct/2022:01:05:44 +0000] "PATCH /api/v1/users/profile/8 HTTP/1.1" 404 163 "-" "PostmanRuntime/7.29.2"
::1 - - [19/Oct/2022:01:05:45 +0000] "PATCH /api/v1/users/profile/8 HTTP/1.1" 404 163 "-" "PostmanRuntime/7.29.2"
::1 - - [19/Oct/2022:01:05:46 +0000] "PATCH /api/v1/users/profile/8 HTTP/1.1" 404 163 "-" "PostmanRuntime/7.29.2"
::1 - - [19/Oct/2022:01:05:47 +0000] "PATCH /api/v1/users/profile/8 HTTP/1.1" 404 163 "-" "PostmanRuntime/7.29.2"
::1 - - [19/Oct/2022:01:05:48 +0000] "PATCH /api/v1/users/profile/8 HTTP/1.1" 404 163 "-" "PostmanRuntime/7.29.2"
::1 - - [19/Oct/2022:01:05:49 +0000] "PATCH /api/v1/users/profile/8 HTTP/1.1" 404 163 "-" "PostmanRuntime/7.29.2"
::1 - - [19/Oct/2022:01:13:02 +0000] "POST /api/v1/auth HTTP/1.1" 200 270 "-" "PostmanRuntime/7.29.2"
::1 - - [19/Oct/2022:01:13:28 +0000] "GET /api/v1/users/ HTTP/1.1" 200 2908 "-" "PostmanRuntime/7.29.2"
::1 - - [19/Oct/2022:01:14:26 +0000] "GET /api/v1/eyJhbGciOiJIUzI1NiIsInR5cCI6IkpXVCJ9.eyJpZCI6NTYsInJvbGUiOiJBZG1pbiIsImlhdCI6MTY2NjE0MTk4MiwiZXhwIjoxNjY2MTQyMzQyLCJpc3MiOiJtYXNhbWJhIn0.ze_8rqLG6Q1FoaNubiArlwqq5u7WpQL5WEZO_1KAn18 HTTP/1.1" 404 326 "-" "PostmanRuntime/7.29.2"
::1 - - [19/Oct/2022:01:14:41 +0000] "GET /api/v1/users HTTP/1.1" 200 2908 "-" "PostmanRuntime/7.29.2"
::1 - - [19/Oct/2022:01:14:59 +0000] "GET /api/v1/users/eyJhbGciOiJIUzI1NiIsInR5cCI6IkpXVCJ9.eyJpZCI6NTYsInJvbGUiOiJBZG1pbiIsImlhdCI6MTY2NjE0MTk4MiwiZXhwIjoxNjY2MTQyMzQyLCJpc3MiOiJtYXNhbWJhIn0.ze_8rqLG6Q1FoaNubiArlwqq5u7WpQL5WEZO_1KAn18 HTTP/1.1" 500 35 "-" "PostmanRuntime/7.29.2"
::1 - - [19/Oct/2022:01:17:18 +0000] "GET /api/v1/users/1 HTTP/1.1" 500 35 "-" "PostmanRuntime/7.29.2"
::1 - - [19/Oct/2022:01:18:44 +0000] "GET /api/v1/users/56 HTTP/1.1" 500 35 "-" "PostmanRuntime/7.29.2"
::1 - - [19/Oct/2022:01:19:01 +0000] "POST /api/v1/auth HTTP/1.1" 200 270 "-" "PostmanRuntime/7.29.2"
::1 - - [19/Oct/2022:01:19:39 +0000] "GET /api/v1/users/eyJhbGciOiJIUzI1NiIsInR5cCI6IkpXVCJ9.eyJpZCI6NTYsInJvbGUiOiJBZG1pbiIsImlhdCI6MTY2NjE0MjM0MSwiZXhwIjoxNjY2MTQyNzAxLCJpc3MiOiJtYXNhbWJhIn0._55tyMU9JyeitNp_SILQrkVeGXmvKilKtAvtVnsSuGg HTTP/1.1" 500 35 "-" "PostmanRuntime/7.29.2"
::1 - - [19/Oct/2022:01:21:05 +0000] "GET /api/v1/users/?token=eyJhbGciOiJIUzI1NiIsInR5cCI6IkpXVCJ9.eyJpZCI6NTYsInJvbGUiOiJBZG1pbiIsImlhdCI6MTY2NjE0MjM0MSwiZXhwIjoxNjY2MTQyNzAxLCJpc3MiOiJtYXNhbWJhIn0._55tyMU9JyeitNp_SILQrkVeGXmvKilKtAvtVnsSuGg HTTP/1.1" 200 2908 "-" "PostmanRuntime/7.29.2"
::1 - - [19/Oct/2022:01:21:39 +0000] "GET /api/v1/users/?token=54 HTTP/1.1" 200 2908 "-" "PostmanRuntime/7.29.2"
::1 - - [19/Oct/2022:01:22:06 +0000] "GET /api/v1/users/?token=56 HTTP/1.1" 200 2908 "-" "PostmanRuntime/7.29.2"
::1 - - [19/Oct/2022:01:22:33 +0000] "GET /api/v1/users/?token=eyJhbGciOiJIUzI1NiIsInR5cCI6IkpXVCJ9.eyJpZCI6NTYsInJvbGUiOiJBZG1pbiIsImlhdCI6MTY2NjE0MjM0MSwiZXhwIjoxNjY2MTQyNzAxLCJpc3MiOiJtYXNhbWJhIn0._55tyMU9JyeitNp_SILQrkVeGXmvKilKtAvtVnsSuGg HTTP/1.1" 200 2908 "-" "PostmanRuntime/7.29.2"
::1 - - [19/Oct/2022:01:22:44 +0000] "GET /api/v1/users/ HTTP/1.1" 200 2908 "-" "PostmanRuntime/7.29.2"
::1 - - [19/Oct/2022:01:24:30 +0000] "GET /api/v1/users/2 HTTP/1.1" 200 246 "-" "PostmanRuntime/7.29.2"
::1 - - [19/Oct/2022:01:29:51 +0000] "PATCH /api/v1/users/profile/8 HTTP/1.1" 404 163 "-" "PostmanRuntime/7.29.2"
::1 - - [19/Oct/2022:01:29:52 +0000] "PATCH /api/v1/users/profile/8 HTTP/1.1" 404 163 "-" "PostmanRuntime/7.29.2"
::1 - - [19/Oct/2022:01:30:15 +0000] "PATCH /api/v1/users/profile/8 HTTP/1.1" 404 163 "-" "PostmanRuntime/7.29.2"
::1 - - [19/Oct/2022:01:30:16 +0000] "PATCH /api/v1/users/profile/8 HTTP/1.1" 404 163 "-" "PostmanRuntime/7.29.2"
::1 - - [19/Oct/2022:01:32:49 +0000] "PATCH /api/v1/users/profile/8 HTTP/1.1" 404 163 "-" "PostmanRuntime/7.29.2"
::1 - - [19/Oct/2022:01:35:27 +0000] "PATCH /api/v1/users/profile/8 HTTP/1.1" 404 163 "-" "PostmanRuntime/7.29.2"
::1 - - [19/Oct/2022:01:35:28 +0000] "PATCH /api/v1/users/profile/8 HTTP/1.1" 404 163 "-" "PostmanRuntime/7.29.2"
::1 - - [19/Oct/2022:01:38:02 +0000] "PATCH /api/v1/users/profile/:id HTTP/1.1" 404 165 "-" "PostmanRuntime/7.29.2"
::1 - - [19/Oct/2022:01:40:13 +0000] "PATCH /api/v1/users/profile/:id HTTP/1.1" 404 165 "-" "PostmanRuntime/7.29.2"
::1 - - [19/Oct/2022:01:40:15 +0000] "PATCH /api/v1/users/profile/:id HTTP/1.1" 404 165 "-" "PostmanRuntime/7.29.2"
::1 - - [19/Oct/2022:01:42:45 +0000] "PATCH /api/v1/users/profile/:id HTTP/1.1" 500 35 "-" "PostmanRuntime/7.29.2"
::1 - - [19/Oct/2022:01:43:06 +0000] "PATCH /api/v1/users/profile/8 HTTP/1.1" 500 35 "-" "PostmanRuntime/7.29.2"
::1 - - [19/Oct/2022:01:43:37 +0000] "PATCH /api/v1/users/profile/9 HTTP/1.1" 500 35 "-" "PostmanRuntime/7.29.2"
::1 - - [19/Oct/2022:01:44:13 +0000] "PATCH /api/v1/users/profile/9 HTTP/1.1" 200 119 "-" "PostmanRuntime/7.29.2"
::1 - - [19/Oct/2022:01:49:06 +0000] "PATCH /api/v1/users/profile/9 HTTP/1.1" 500 35 "-" "PostmanRuntime/7.29.2"
::1 - - [19/Oct/2022:01:54:04 +0000] "PATCH /api/v1/users/profile/8 HTTP/1.1" 500 35 "-" "PostmanRuntime/7.29.2"
::1 - - [19/Oct/2022:01:55:09 +0000] "PATCH /api/v1/users/profile/8 HTTP/1.1" 200 162 "-" "PostmanRuntime/7.29.2"
